[12:42:04] [Server thread/INFO]: Starting minecraft server version 1.11.2
[12:42:04] [Server thread/INFO]: Loading properties
[12:42:04] [Server thread/INFO]: Default game type: CREATIVE
[12:42:04] [Server thread/INFO]: This server is running CraftBukkit version git-Spigot-6de2fbc-c1aa859 (MC: 1.11.2) (Implementing API version 1.11.2-R0.1-SNAPSHOT)
[12:42:04] [Server thread/INFO]: Debug logging is disabled
[12:42:04] [Server thread/INFO]: Using 4 threads for Netty based IO
[12:42:04] [Server thread/INFO]: Server Ping Player Sample Count: 12
[12:42:04] [Server thread/INFO]: Generating keypair
[12:42:04] [Server thread/INFO]: Starting Minecraft server on *:25565
[12:42:04] [Server thread/INFO]: Using default channel type
[12:42:04] [Server thread/INFO]: Set PluginClassLoader as parallel capable
[12:42:05] [Server thread/INFO]: [SetSpawn] Loading SetSpawn v2.1
[12:42:05] [Server thread/INFO]: [RaspberryJuice] Loading RaspberryJuice v1.7
[12:42:05] [Server thread/WARN]: **** SERVER IS RUNNING IN OFFLINE/INSECURE MODE!
[12:42:05] [Server thread/WARN]: The server will make no attempt to authenticate usernames. Beware.
[12:42:05] [Server thread/WARN]: While this makes the game possible to play without internet access, it also opens up the ability for hackers to connect with any username they choose.
[12:42:05] [Server thread/WARN]: To change this, set "online-mode" to "true" in the server.properties file.
[12:42:05] [Server thread/INFO]: **** Beginning UUID conversion, this may take A LONG time ****
[12:42:05] [Server thread/INFO]: Preparing level "world"
[12:42:05] [Server thread/INFO]: -------- World Settings For [world] --------
[12:42:05] [Server thread/INFO]: Tile Max Tick Time: 50ms Entity max Tick Time: 50ms
[12:42:05] [Server thread/INFO]: Max TNT Explosions: 100
[12:42:05] [Server thread/INFO]: Mob Spawn Range: 4
[12:42:05] [Server thread/INFO]: Entity Activation Range: An 32 / Mo 32 / Mi 16
[12:42:05] [Server thread/INFO]: Random Lighting Updates: false
[12:42:05] [Server thread/INFO]: Hopper Transfer: 8 Hopper Check: 8 Hopper Amount: 1
[12:42:05] [Server thread/INFO]: Entity Tracking Range: Pl 48 / An 48 / Mo 48 / Mi 32 / Other 64
[12:42:05] [Server thread/INFO]: Structure Info Saving: true
[12:42:05] [Server thread/INFO]: Cactus Growth Modifier: 100%
[12:42:05] [Server thread/INFO]: Cane Growth Modifier: 100%
[12:42:05] [Server thread/INFO]: Melon Growth Modifier: 100%
[12:42:05] [Server thread/INFO]: Mushroom Growth Modifier: 100%
[12:42:05] [Server thread/INFO]: Pumpkin Growth Modifier: 100%
[12:42:05] [Server thread/INFO]: Sapling Growth Modifier: 100%
[12:42:05] [Server thread/INFO]: Wheat Growth Modifier: 100%
[12:42:05] [Server thread/INFO]: NetherWart Growth Modifier: 100%
[12:42:05] [Server thread/INFO]: Vine Growth Modifier: 100%
[12:42:05] [Server thread/INFO]: Cocoa Growth Modifier: 100%
[12:42:05] [Server thread/INFO]: Arrow Despawn Rate: 1200
[12:42:05] [Server thread/INFO]: Item Despawn Rate: 6000
[12:42:05] [Server thread/INFO]: Item Merge Radius: 2.5
[12:42:05] [Server thread/INFO]: View Distance: 10
[12:42:05] [Server thread/INFO]: Experience Merge Radius: 3.0
[12:42:05] [Server thread/INFO]: Nerfing mobs spawned from spawners: false
[12:42:05] [Server thread/INFO]: Allow Zombie Pigmen to spawn from portal blocks: true
[12:42:05] [Server thread/INFO]: Zombie Aggressive Towards Villager: true
[12:42:05] [Server thread/INFO]: Custom Map Seeds:  Village: 10387312 Feature: 14357617Monument: 10387313 Slime: 987234911
[12:42:05] [Server thread/INFO]: -------- World Settings For [world_nether] --------
[12:42:05] [Server thread/INFO]: Tile Max Tick Time: 50ms Entity max Tick Time: 50ms
[12:42:05] [Server thread/INFO]: Max TNT Explosions: 100
[12:42:05] [Server thread/INFO]: Mob Spawn Range: 4
[12:42:05] [Server thread/INFO]: Entity Activation Range: An 32 / Mo 32 / Mi 16
[12:42:05] [Server thread/INFO]: Random Lighting Updates: false
[12:42:05] [Server thread/INFO]: Hopper Transfer: 8 Hopper Check: 8 Hopper Amount: 1
[12:42:05] [Server thread/INFO]: Entity Tracking Range: Pl 48 / An 48 / Mo 48 / Mi 32 / Other 64
[12:42:05] [Server thread/INFO]: Structure Info Saving: true
[12:42:05] [Server thread/INFO]: Cactus Growth Modifier: 100%
[12:42:05] [Server thread/INFO]: Cane Growth Modifier: 100%
[12:42:05] [Server thread/INFO]: Melon Growth Modifier: 100%
[12:42:05] [Server thread/INFO]: Mushroom Growth Modifier: 100%
[12:42:05] [Server thread/INFO]: Pumpkin Growth Modifier: 100%
[12:42:05] [Server thread/INFO]: Sapling Growth Modifier: 100%
[12:42:05] [Server thread/INFO]: Wheat Growth Modifier: 100%
[12:42:05] [Server thread/INFO]: NetherWart Growth Modifier: 100%
[12:42:05] [Server thread/INFO]: Vine Growth Modifier: 100%
[12:42:05] [Server thread/INFO]: Cocoa Growth Modifier: 100%
[12:42:05] [Server thread/INFO]: Arrow Despawn Rate: 1200
[12:42:05] [Server thread/INFO]: Item Despawn Rate: 6000
[12:42:05] [Server thread/INFO]: Item Merge Radius: 2.5
[12:42:05] [Server thread/INFO]: View Distance: 10
[12:42:05] [Server thread/INFO]: Experience Merge Radius: 3.0
[12:42:05] [Server thread/INFO]: Nerfing mobs spawned from spawners: false
[12:42:05] [Server thread/INFO]: Allow Zombie Pigmen to spawn from portal blocks: true
[12:42:05] [Server thread/INFO]: Zombie Aggressive Towards Villager: true
[12:42:05] [Server thread/INFO]: Custom Map Seeds:  Village: 10387312 Feature: 14357617Monument: 10387313 Slime: 987234911
[12:42:05] [Server thread/INFO]: -------- World Settings For [world_the_end] --------
[12:42:05] [Server thread/INFO]: Tile Max Tick Time: 50ms Entity max Tick Time: 50ms
[12:42:05] [Server thread/INFO]: Max TNT Explosions: 100
[12:42:05] [Server thread/INFO]: Mob Spawn Range: 4
[12:42:05] [Server thread/INFO]: Entity Activation Range: An 32 / Mo 32 / Mi 16
[12:42:05] [Server thread/INFO]: Random Lighting Updates: false
[12:42:05] [Server thread/INFO]: Hopper Transfer: 8 Hopper Check: 8 Hopper Amount: 1
[12:42:05] [Server thread/INFO]: Entity Tracking Range: Pl 48 / An 48 / Mo 48 / Mi 32 / Other 64
[12:42:05] [Server thread/INFO]: Structure Info Saving: true
[12:42:05] [Server thread/INFO]: Cactus Growth Modifier: 100%
[12:42:05] [Server thread/INFO]: Cane Growth Modifier: 100%
[12:42:05] [Server thread/INFO]: Melon Growth Modifier: 100%
[12:42:05] [Server thread/INFO]: Mushroom Growth Modifier: 100%
[12:42:05] [Server thread/INFO]: Pumpkin Growth Modifier: 100%
[12:42:05] [Server thread/INFO]: Sapling Growth Modifier: 100%
[12:42:05] [Server thread/INFO]: Wheat Growth Modifier: 100%
[12:42:05] [Server thread/INFO]: NetherWart Growth Modifier: 100%
[12:42:05] [Server thread/INFO]: Vine Growth Modifier: 100%
[12:42:05] [Server thread/INFO]: Cocoa Growth Modifier: 100%
[12:42:05] [Server thread/INFO]: Arrow Despawn Rate: 1200
[12:42:05] [Server thread/INFO]: Item Despawn Rate: 6000
[12:42:05] [Server thread/INFO]: Item Merge Radius: 2.5
[12:42:05] [Server thread/INFO]: View Distance: 10
[12:42:05] [Server thread/INFO]: Experience Merge Radius: 3.0
[12:42:05] [Server thread/INFO]: Nerfing mobs spawned from spawners: false
[12:42:05] [Server thread/INFO]: Allow Zombie Pigmen to spawn from portal blocks: true
[12:42:05] [Server thread/INFO]: Zombie Aggressive Towards Villager: true
[12:42:05] [Server thread/INFO]: Custom Map Seeds:  Village: 10387312 Feature: 14357617Monument: 10387313 Slime: 987234911
[12:42:05] [Server thread/INFO]: Preparing start region for level 0 (Seed: -8839001467382293719)
[12:42:06] [Server thread/INFO]: Preparing start region for level 1 (Seed: -8839001467382293719)
[12:42:06] [Server thread/INFO]: Preparing start region for level 2 (Seed: -8839001467382293719)
[12:42:06] [Server thread/INFO]: [SetSpawn] Enabling SetSpawn v2.1
[12:42:06] [Server thread/INFO]: [RaspberryJuice] Enabling RaspberryJuice v1.7
[12:42:06] [Server thread/INFO]: [RaspberryJuice] ThreadListener Started
[12:42:06] [Server thread/INFO]: Server permissions file permissions.yml is empty, ignoring it
[12:42:06] [Server thread/INFO]: Done (1,913s)! For help, type "help" or "?"
[12:42:29] [User Authenticator #1/INFO]: UUID of player Restless___ is edab2db0-b33a-3d29-976a-82f079fcfad2
[12:42:29] [Server thread/INFO]: Restless___[/127.0.0.1:54201] logged in with entity id 300 at ([world]74.21046358070954, 66.0, 264.78615648114186)
[12:42:59] [Thread-9/INFO]: [RaspberryJuice] Starting input thread
[12:42:59] [Thread-8/INFO]: [RaspberryJuice] Opened connection to/127.0.0.1:54208.
[12:42:59] [Thread-10/INFO]: [RaspberryJuice] Starting output thread!
[12:42:59] [Server thread/INFO]: [RaspberryJuice] Closed connection to/127.0.0.1:54208.
[12:43:19] [Thread-8/INFO]: [RaspberryJuice] Opened connection to/127.0.0.1:54218.
[12:43:19] [Thread-11/INFO]: [RaspberryJuice] Starting input thread
[12:43:19] [Thread-12/INFO]: [RaspberryJuice] Starting output thread!
[12:43:19] [Server thread/INFO]: [RaspberryJuice] Closed connection to/127.0.0.1:54218.
[12:43:37] [Thread-14/INFO]: [RaspberryJuice] Starting output thread!
[12:43:37] [Thread-8/INFO]: [RaspberryJuice] Opened connection to/127.0.0.1:54223.
[12:43:37] [Thread-13/INFO]: [RaspberryJuice] Starting input thread
[12:43:37] [Server thread/INFO]: [RaspberryJuice] Closed connection to/127.0.0.1:54223.
[12:43:44] [Thread-8/INFO]: [RaspberryJuice] Opened connection to/127.0.0.1:54227.
[12:43:44] [Thread-15/INFO]: [RaspberryJuice] Starting input thread
[12:43:44] [Thread-16/INFO]: [RaspberryJuice] Starting output thread!
[12:43:44] [Server thread/INFO]: [RaspberryJuice] Closed connection to/127.0.0.1:54227.
[12:46:39] [Thread-8/INFO]: [RaspberryJuice] Opened connection to/127.0.0.1:54289.
[12:46:39] [Thread-18/INFO]: [RaspberryJuice] Starting output thread!
[12:46:39] [Thread-17/INFO]: [RaspberryJuice] Starting input thread
[12:46:39] [Server thread/INFO]: [RaspberryJuice] Closed connection to/127.0.0.1:54289.
[12:46:53] [Thread-20/INFO]: [RaspberryJuice] Starting output thread!
[12:46:53] [Thread-8/INFO]: [RaspberryJuice] Opened connection to/127.0.0.1:54294.
[12:46:53] [Thread-19/INFO]: [RaspberryJuice] Starting input thread
[12:46:53] [Server thread/INFO]: [RaspberryJuice] Closed connection to/127.0.0.1:54294.
[12:49:56] [Server thread/INFO]: Restless___ lost connection: Disconnected
[12:49:56] [Server thread/INFO]: Restless___ left the game
[13:25:24] [Thread-8/INFO]: [RaspberryJuice] Opened connection to/127.0.0.1:55207.
[13:25:24] [Thread-22/INFO]: [RaspberryJuice] Starting output thread!
[13:25:24] [Thread-21/INFO]: [RaspberryJuice] Starting input thread
[13:25:24] [Server thread/INFO]: [RaspberryJuice] Closed connection to/127.0.0.1:55207.
